.
├── config
│   ├── config.example.json
│   └── config.json
├── db
│   └── connect.js
├── index.js
├── log.log
├── make.sh
├── node_modules
│   ├── abbrev
│   │   ├── abbrev.js
│   │   ├── LICENSE
│   │   ├── package.json
│   │   └── README.md
│   ├── accepts
│   │   ├── HISTORY.md
│   │   ├── index.js
│   │   ├── LICENSE
│   │   ├── package.json
│   │   └── README.md
│   ├── ansi-regex
│   │   ├── index.js
│   │   ├── license
│   │   ├── package.json
│   │   └── readme.md
│   ├── aproba
│   │   ├── index.js
│   │   ├── LICENSE
│   │   ├── package.json
│   │   └── README.md
│   ├── are-we-there-yet
│   │   ├── CHANGES.md
│   │   ├── index.js
│   │   ├── LICENSE
│   │   ├── package.json
│   │   ├── README.md
│   │   ├── tracker-base.js
│   │   ├── tracker-group.js
│   │   ├── tracker.js
│   │   └── tracker-stream.js
│   ├── array-flatten
│   │   ├── array-flatten.js
│   │   ├── LICENSE
│   │   ├── package.json
│   │   └── README.md
│   ├── balanced-match
│   │   ├── index.js
│   │   ├── LICENSE.md
│   │   ├── package.json
│   │   └── README.md
│   ├── bcrypt
│   │   ├── appveyor.yml
│   │   ├── bcrypt-5.0.0.tgz
│   │   ├── bcrypt.js
│   │   ├── binding.gyp
│   │   ├── CHANGELOG.md
│   │   ├── examples
│   │   │   ├── async_compare.js
│   │   │   └── forever_gen_salt.js
│   │   ├── ISSUE_TEMPLATE.md
│   │   ├── lib
│   │   │   └── binding
│   │   │       └── napi-v3
│   │   │           └── bcrypt_lib.node
│   │   ├── LICENSE
│   │   ├── Makefile
│   │   ├── package.json
│   │   ├── promises.js
│   │   ├── README.md
│   │   ├── src
│   │   │   ├── bcrypt.cc
│   │   │   ├── bcrypt_node.cc
│   │   │   ├── blowfish.cc
│   │   │   └── node_blf.h
│   │   ├── test
│   │   │   ├── async.js
│   │   │   ├── implementation.js
│   │   │   ├── promise.js
│   │   │   ├── repetitions.js
│   │   │   └── sync.js
│   │   └── test_alpine.sh
│   ├── bignumber.js
│   │   ├── bignumber.d.ts
│   │   ├── bignumber.js
│   │   ├── bignumber.min.js
│   │   ├── bignumber.min.js.map
│   │   ├── bignumber.mjs
│   │   ├── CHANGELOG.md
│   │   ├── doc
│   │   │   └── API.html
│   │   ├── LICENCE
│   │   ├── package.json
│   │   └── README.md
│   ├── body-parser
│   │   ├── HISTORY.md
│   │   ├── index.js
│   │   ├── lib
│   │   │   ├── read.js
│   │   │   └── types
│   │   │       ├── json.js
│   │   │       ├── raw.js
│   │   │       ├── text.js
│   │   │       └── urlencoded.js
│   │   ├── LICENSE
│   │   ├── package.json
│   │   └── README.md
│   ├── brace-expansion
│   │   ├── index.js
│   │   ├── LICENSE
│   │   ├── package.json
│   │   └── README.md
│   ├── buffer-equal-constant-time
│   │   ├── index.js
│   │   ├── LICENSE.txt
│   │   ├── package.json
│   │   ├── README.md
│   │   └── test.js
│   ├── bytes
│   │   ├── History.md
│   │   ├── index.js
│   │   ├── LICENSE
│   │   ├── package.json
│   │   └── Readme.md
│   ├── chownr
│   │   ├── chownr.js
│   │   ├── LICENSE
│   │   ├── package.json
│   │   └── README.md
│   ├── code-point-at
│   │   ├── index.js
│   │   ├── license
│   │   ├── package.json
│   │   └── readme.md
│   ├── concat-map
│   │   ├── example
│   │   │   └── map.js
│   │   ├── index.js
│   │   ├── LICENSE
│   │   ├── package.json
│   │   ├── README.markdown
│   │   └── test
│   │       └── map.js
│   ├── consola
│   │   ├── CHANGELOG.md
│   │   ├── dist
│   │   │   ├── consola.browser.js
│   │   │   └── consola.js
│   │   ├── package.json
│   │   ├── README.md
│   │   ├── src
│   │   │   ├── browser.js
│   │   │   ├── consola.js
│   │   │   ├── index.js
│   │   │   ├── logLevels.js
│   │   │   ├── node.js
│   │   │   ├── reporters
│   │   │   │   ├── basic.js
│   │   │   │   ├── browser.js
│   │   │   │   ├── fancy.js
│   │   │   │   ├── index.js
│   │   │   │   ├── json.js
│   │   │   │   └── winston.js
│   │   │   ├── types.js
│   │   │   └── utils
│   │   │       ├── chalk.js
│   │   │       ├── date.js
│   │   │       ├── error.js
│   │   │       ├── fancy.js
│   │   │       ├── format.js
│   │   │       ├── global.js
│   │   │       ├── index.js
│   │   │       ├── stream.js
│   │   │       └── string.js
│   │   └── types
│   │       └── consola.d.ts
│   ├── console-control-strings
│   │   ├── index.js
│   │   ├── LICENSE
│   │   ├── package.json
│   │   ├── README.md
│   │   └── README.md~
│   ├── content-disposition
│   │   ├── HISTORY.md
│   │   ├── index.js
│   │   ├── LICENSE
│   │   ├── package.json
│   │   └── README.md
│   ├── content-type
│   │   ├── HISTORY.md
│   │   ├── index.js
│   │   ├── LICENSE
│   │   ├── package.json
│   │   └── README.md
│   ├── cookie
│   │   ├── HISTORY.md
│   │   ├── index.js
│   │   ├── LICENSE
│   │   ├── package.json
│   │   └── README.md
│   ├── cookie-signature
│   │   ├── History.md
│   │   ├── index.js
│   │   ├── package.json
│   │   └── Readme.md
│   ├── core-util-is
│   │   ├── float.patch
│   │   ├── lib
│   │   │   └── util.js
│   │   ├── LICENSE
│   │   ├── package.json
│   │   ├── README.md
│   │   └── test.js
│   ├── debug
│   │   ├── CHANGELOG.md
│   │   ├── component.json
│   │   ├── karma.conf.js
│   │   ├── LICENSE
│   │   ├── Makefile
│   │   ├── node.js
│   │   ├── package.json
│   │   ├── README.md
│   │   └── src
│   │       ├── browser.js
│   │       ├── debug.js
│   │       ├── index.js
│   │       ├── inspector-log.js
│   │       └── node.js
│   ├── deep-extend
│   │   ├── CHANGELOG.md
│   │   ├── index.js
│   │   ├── lib
│   │   │   └── deep-extend.js
│   │   ├── LICENSE
│   │   ├── package.json
│   │   └── README.md
│   ├── delegates
│   │   ├── History.md
│   │   ├── index.js
│   │   ├── License
│   │   ├── Makefile
│   │   ├── package.json
│   │   ├── Readme.md
│   │   └── test
│   │       └── index.js
│   ├── depd
│   │   ├── History.md
│   │   ├── index.js
│   │   ├── lib
│   │   │   ├── browser
│   │   │   │   └── index.js
│   │   │   └── compat
│   │   │       ├── callsite-tostring.js
│   │   │       ├── event-listener-count.js
│   │   │       └── index.js
│   │   ├── LICENSE
│   │   ├── package.json
│   │   └── Readme.md
│   ├── destroy
│   │   ├── index.js
│   │   ├── LICENSE
│   │   ├── package.json
│   │   └── README.md
│   ├── detect-libc
│   │   ├── bin
│   │   │   └── detect-libc.js
│   │   ├── lib
│   │   │   └── detect-libc.js
│   │   ├── LICENSE
│   │   ├── package.json
│   │   └── README.md
│   ├── ecdsa-sig-formatter
│   │   ├── CODEOWNERS
│   │   ├── LICENSE
│   │   ├── package.json
│   │   ├── README.md
│   │   └── src
│   │       ├── ecdsa-sig-formatter.d.ts
│   │       ├── ecdsa-sig-formatter.js
│   │       └── param-bytes-for-alg.js
│   ├── ee-first
│   │   ├── index.js
│   │   ├── LICENSE
│   │   ├── package.json
│   │   └── README.md
│   ├── encodeurl
│   │   ├── HISTORY.md
│   │   ├── index.js
│   │   ├── LICENSE
│   │   ├── package.json
│   │   └── README.md
│   ├── escape-html
│   │   ├── index.js
│   │   ├── LICENSE
│   │   ├── package.json
│   │   └── Readme.md
│   ├── etag
│   │   ├── HISTORY.md
│   │   ├── index.js
│   │   ├── LICENSE
│   │   ├── package.json
│   │   └── README.md
│   ├── express
│   │   ├── History.md
│   │   ├── index.js
│   │   ├── lib
│   │   │   ├── application.js
│   │   │   ├── express.js
│   │   │   ├── middleware
│   │   │   │   ├── init.js
│   │   │   │   └── query.js
│   │   │   ├── request.js
│   │   │   ├── response.js
│   │   │   ├── router
│   │   │   │   ├── index.js
│   │   │   │   ├── layer.js
│   │   │   │   └── route.js
│   │   │   ├── utils.js
│   │   │   └── view.js
│   │   ├── LICENSE
│   │   ├── package.json
│   │   └── Readme.md
│   ├── finalhandler
│   │   ├── HISTORY.md
│   │   ├── index.js
│   │   ├── LICENSE
│   │   ├── package.json
│   │   └── README.md
│   ├── forwarded
│   │   ├── HISTORY.md
│   │   ├── index.js
│   │   ├── LICENSE
│   │   ├── package.json
│   │   └── README.md
│   ├── fresh
│   │   ├── HISTORY.md
│   │   ├── index.js
│   │   ├── LICENSE
│   │   ├── package.json
│   │   └── README.md
│   ├── fs-minipass
│   │   ├── index.js
│   │   ├── LICENSE
│   │   ├── package.json
│   │   └── README.md
│   ├── fs.realpath
│   │   ├── index.js
│   │   ├── LICENSE
│   │   ├── old.js
│   │   ├── package.json
│   │   └── README.md
│   ├── gauge
│   │   ├── base-theme.js
│   │   ├── CHANGELOG.md
│   │   ├── error.js
│   │   ├── has-color.js
│   │   ├── index.js
│   │   ├── LICENSE
│   │   ├── package.json
│   │   ├── plumbing.js
│   │   ├── process.js
│   │   ├── progress-bar.js
│   │   ├── README.md
│   │   ├── render-template.js
│   │   ├── set-immediate.js
│   │   ├── set-interval.js
│   │   ├── spin.js
│   │   ├── template-item.js
│   │   ├── theme-set.js
│   │   ├── themes.js
│   │   └── wide-truncate.js
│   ├── glob
│   │   ├── changelog.md
│   │   ├── common.js
│   │   ├── glob.js
│   │   ├── LICENSE
│   │   ├── package.json
│   │   ├── README.md
│   │   └── sync.js
│   ├── has-unicode
│   │   ├── index.js
│   │   ├── LICENSE
│   │   ├── package.json
│   │   └── README.md
│   ├── http-errors
│   │   ├── HISTORY.md
│   │   ├── index.js
│   │   ├── LICENSE
│   │   ├── package.json
│   │   └── README.md
│   ├── iconv-lite
│   │   ├── Changelog.md
│   │   ├── encodings
│   │   │   ├── dbcs-codec.js
│   │   │   ├── dbcs-data.js
│   │   │   ├── index.js
│   │   │   ├── internal.js
│   │   │   ├── sbcs-codec.js
│   │   │   ├── sbcs-data-generated.js
│   │   │   ├── sbcs-data.js
│   │   │   ├── tables
│   │   │   │   ├── big5-added.json
│   │   │   │   ├── cp936.json
│   │   │   │   ├── cp949.json
│   │   │   │   ├── cp950.json
│   │   │   │   ├── eucjp.json
│   │   │   │   ├── gb18030-ranges.json
│   │   │   │   ├── gbk-added.json
│   │   │   │   └── shiftjis.json
│   │   │   ├── utf16.js
│   │   │   └── utf7.js
│   │   ├── lib
│   │   │   ├── bom-handling.js
│   │   │   ├── extend-node.js
│   │   │   ├── index.d.ts
│   │   │   ├── index.js
│   │   │   └── streams.js
│   │   ├── LICENSE
│   │   ├── package.json
│   │   └── README.md
│   ├── ignore-walk
│   │   ├── index.js
│   │   ├── LICENSE
│   │   ├── package.json
│   │   └── README.md
│   ├── inflight
│   │   ├── inflight.js
│   │   ├── LICENSE
│   │   ├── package.json
│   │   └── README.md
│   ├── inherits
│   │   ├── inherits_browser.js
│   │   ├── inherits.js
│   │   ├── LICENSE
│   │   ├── package.json
│   │   └── README.md
│   ├── ini
│   │   ├── ini.js
│   │   ├── LICENSE
│   │   ├── package.json
│   │   └── README.md
│   ├── ipaddr.js
│   │   ├── ipaddr.min.js
│   │   ├── lib
│   │   │   ├── ipaddr.js
│   │   │   └── ipaddr.js.d.ts
│   │   ├── LICENSE
│   │   ├── package.json
│   │   └── README.md
│   ├── isarray
│   │   ├── component.json
│   │   ├── index.js
│   │   ├── Makefile
│   │   ├── package.json
│   │   ├── README.md
│   │   └── test.js
│   ├── is-fullwidth-code-point
│   │   ├── index.js
│   │   ├── license
│   │   ├── package.json
│   │   └── readme.md
│   ├── jsonwebtoken
│   │   ├── CHANGELOG.md
│   │   ├── decode.js
│   │   ├── index.js
│   │   ├── lib
│   │   │   ├── JsonWebTokenError.js
│   │   │   ├── NotBeforeError.js
│   │   │   ├── psSupported.js
│   │   │   ├── timespan.js
│   │   │   └── TokenExpiredError.js
│   │   ├── LICENSE
│   │   ├── node_modules
│   │   │   └── ms
│   │   │       ├── index.js
│   │   │       ├── license.md
│   │   │       ├── package.json
│   │   │       └── readme.md
│   │   ├── package.json
│   │   ├── README.md
│   │   ├── sign.js
│   │   └── verify.js
│   ├── jwa
│   │   ├── index.js
│   │   ├── LICENSE
│   │   ├── package.json
│   │   └── README.md
│   ├── jws
│   │   ├── CHANGELOG.md
│   │   ├── index.js
│   │   ├── lib
│   │   │   ├── data-stream.js
│   │   │   ├── sign-stream.js
│   │   │   ├── tostring.js
│   │   │   └── verify-stream.js
│   │   ├── LICENSE
│   │   ├── package.json
│   │   └── readme.md
│   ├── lodash.includes
│   │   ├── index.js
│   │   ├── LICENSE
│   │   ├── package.json
│   │   └── README.md
│   ├── lodash.isboolean
│   │   ├── index.js
│   │   ├── LICENSE
│   │   ├── package.json
│   │   └── README.md
│   ├── lodash.isinteger
│   │   ├── index.js
│   │   ├── LICENSE
│   │   ├── package.json
│   │   └── README.md
│   ├── lodash.isnumber
│   │   ├── index.js
│   │   ├── LICENSE
│   │   ├── package.json
│   │   └── README.md
│   ├── lodash.isplainobject
│   │   ├── index.js
│   │   ├── LICENSE
│   │   ├── package.json
│   │   └── README.md
│   ├── lodash.isstring
│   │   ├── index.js
│   │   ├── LICENSE
│   │   ├── package.json
│   │   └── README.md
│   ├── lodash.once
│   │   ├── index.js
│   │   ├── LICENSE
│   │   ├── package.json
│   │   └── README.md
│   ├── media-typer
│   │   ├── HISTORY.md
│   │   ├── index.js
│   │   ├── LICENSE
│   │   ├── package.json
│   │   └── README.md
│   ├── merge-descriptors
│   │   ├── HISTORY.md
│   │   ├── index.js
│   │   ├── LICENSE
│   │   ├── package.json
│   │   └── README.md
│   ├── methods
│   │   ├── HISTORY.md
│   │   ├── index.js
│   │   ├── LICENSE
│   │   ├── package.json
│   │   └── README.md
│   ├── mime
│   │   ├── CHANGELOG.md
│   │   ├── cli.js
│   │   ├── LICENSE
│   │   ├── mime.js
│   │   ├── package.json
│   │   ├── README.md
│   │   ├── src
│   │   │   ├── build.js
│   │   │   └── test.js
│   │   └── types.json
│   ├── mime-db
│   │   ├── db.json
│   │   ├── HISTORY.md
│   │   ├── index.js
│   │   ├── LICENSE
│   │   ├── package.json
│   │   └── README.md
│   ├── mime-types
│   │   ├── HISTORY.md
│   │   ├── index.js
│   │   ├── LICENSE
│   │   ├── package.json
│   │   └── README.md
│   ├── minimatch
│   │   ├── LICENSE
│   │   ├── minimatch.js
│   │   ├── package.json
│   │   └── README.md
│   ├── minimist
│   │   ├── example
│   │   │   └── parse.js
│   │   ├── index.js
│   │   ├── LICENSE
│   │   ├── package.json
│   │   ├── readme.markdown
│   │   └── test
│   │       ├── all_bool.js
│   │       ├── bool.js
│   │       ├── dash.js
│   │       ├── default_bool.js
│   │       ├── dotted.js
│   │       ├── kv_short.js
│   │       ├── long.js
│   │       ├── num.js
│   │       ├── parse.js
│   │       ├── parse_modified.js
│   │       ├── proto.js
│   │       ├── short.js
│   │       ├── stop_early.js
│   │       ├── unknown.js
│   │       └── whitespace.js
│   ├── minipass
│   │   ├── index.js
│   │   ├── LICENSE
│   │   ├── package.json
│   │   └── README.md
│   ├── minizlib
│   │   ├── constants.js
│   │   ├── index.js
│   │   ├── LICENSE
│   │   ├── package.json
│   │   └── README.md
│   ├── mkdirp
│   │   ├── bin
│   │   │   ├── cmd.js
│   │   │   └── usage.txt
│   │   ├── index.js
│   │   ├── LICENSE
│   │   ├── package.json
│   │   └── readme.markdown
│   ├── ms
│   │   ├── index.js
│   │   ├── license.md
│   │   ├── package.json
│   │   └── readme.md
│   ├── mysql
│   │   ├── Changes.md
│   │   ├── index.js
│   │   ├── lib
│   │   │   ├── ConnectionConfig.js
│   │   │   ├── Connection.js
│   │   │   ├── PoolCluster.js
│   │   │   ├── PoolConfig.js
│   │   │   ├── PoolConnection.js
│   │   │   ├── Pool.js
│   │   │   ├── PoolNamespace.js
│   │   │   ├── PoolSelector.js
│   │   │   └── protocol
│   │   │       ├── Auth.js
│   │   │       ├── BufferList.js
│   │   │       ├── constants
│   │   │       │   ├── charsets.js
│   │   │       │   ├── client.js
│   │   │       │   ├── errors.js
│   │   │       │   ├── field_flags.js
│   │   │       │   ├── server_status.js
│   │   │       │   ├── ssl_profiles.js
│   │   │       │   └── types.js
│   │   │       ├── PacketHeader.js
│   │   │       ├── packets
│   │   │       │   ├── AuthSwitchRequestPacket.js
│   │   │       │   ├── AuthSwitchResponsePacket.js
│   │   │       │   ├── ClientAuthenticationPacket.js
│   │   │       │   ├── ComChangeUserPacket.js
│   │   │       │   ├── ComPingPacket.js
│   │   │       │   ├── ComQueryPacket.js
│   │   │       │   ├── ComQuitPacket.js
│   │   │       │   ├── ComStatisticsPacket.js
│   │   │       │   ├── EmptyPacket.js
│   │   │       │   ├── EofPacket.js
│   │   │       │   ├── ErrorPacket.js
│   │   │       │   ├── Field.js
│   │   │       │   ├── FieldPacket.js
│   │   │       │   ├── HandshakeInitializationPacket.js
│   │   │       │   ├── index.js
│   │   │       │   ├── LocalDataFilePacket.js
│   │   │       │   ├── LocalInfileRequestPacket.js
│   │   │       │   ├── OkPacket.js
│   │   │       │   ├── OldPasswordPacket.js
│   │   │       │   ├── ResultSetHeaderPacket.js
│   │   │       │   ├── RowDataPacket.js
│   │   │       │   ├── SSLRequestPacket.js
│   │   │       │   ├── StatisticsPacket.js
│   │   │       │   └── UseOldPasswordPacket.js
│   │   │       ├── PacketWriter.js
│   │   │       ├── Parser.js
│   │   │       ├── Protocol.js
│   │   │       ├── ResultSet.js
│   │   │       ├── sequences
│   │   │       │   ├── ChangeUser.js
│   │   │       │   ├── Handshake.js
│   │   │       │   ├── index.js
│   │   │       │   ├── Ping.js
│   │   │       │   ├── Query.js
│   │   │       │   ├── Quit.js
│   │   │       │   ├── Sequence.js
│   │   │       │   └── Statistics.js
│   │   │       ├── SqlString.js
│   │   │       └── Timer.js
│   │   ├── License
│   │   ├── package.json
│   │   └── Readme.md
│   ├── needle
│   │   ├── bin
│   │   │   └── needle
│   │   ├── examples
│   │   │   ├── deflated-stream.js
│   │   │   ├── digest-auth.js
│   │   │   ├── download-to-file.js
│   │   │   ├── multipart-stream.js
│   │   │   ├── parsed-stream2.js
│   │   │   ├── parsed-stream.js
│   │   │   ├── stream-events.js
│   │   │   ├── stream-to-file.js
│   │   │   └── upload-image.js
│   │   ├── lib
│   │   │   ├── auth.js
│   │   │   ├── cookies.js
│   │   │   ├── decoder.js
│   │   │   ├── multipart.js
│   │   │   ├── needle.js
│   │   │   ├── parsers.js
│   │   │   └── querystring.js
│   │   ├── license.txt
│   │   ├── node_modules
│   │   │   ├── debug
│   │   │   │   ├── CHANGELOG.md
│   │   │   │   ├── dist
│   │   │   │   │   └── debug.js
│   │   │   │   ├── LICENSE
│   │   │   │   ├── node.js
│   │   │   │   ├── package.json
│   │   │   │   ├── README.md
│   │   │   │   └── src
│   │   │   │       ├── browser.js
│   │   │   │       ├── common.js
│   │   │   │       ├── index.js
│   │   │   │       └── node.js
│   │   │   └── ms
│   │   │       ├── index.js
│   │   │       ├── license.md
│   │   │       ├── package.json
│   │   │       └── readme.md
│   │   ├── package.json
│   │   ├── README.md
│   │   └── test
│   │       ├── auth_digest_spec.js
│   │       ├── basic_auth_spec.js
│   │       ├── compression_spec.js
│   │       ├── cookies_spec.js
│   │       ├── decoder_spec.js
│   │       ├── errors_spec.js
│   │       ├── headers_spec.js
│   │       ├── helpers.js
│   │       ├── long_string_spec.js
│   │       ├── output_spec.js
│   │       ├── parsing_spec.js
│   │       ├── post_data_spec.js
│   │       ├── proxy_spec.js
│   │       ├── querystring_spec.js
│   │       ├── redirect_spec.js
│   │       ├── redirect_with_timeout.js
│   │       ├── request_stream_spec.js
│   │       ├── response_stream_spec.js
│   │       ├── socket_pool_spec.js
│   │       ├── uri_modifier_spec.js
│   │       ├── url_spec.js
│   │       └── utils
│   │           ├── formidable.js
│   │           ├── proxy.js
│   │           └── test.js
│   ├── negotiator
│   │   ├── HISTORY.md
│   │   ├── index.js
│   │   ├── lib
│   │   │   ├── charset.js
│   │   │   ├── encoding.js
│   │   │   ├── language.js
│   │   │   └── mediaType.js
│   │   ├── LICENSE
│   │   ├── package.json
│   │   └── README.md
│   ├── node-addon-api
│   │   ├── appveyor.yml
│   │   ├── benchmark
│   │   │   ├── binding.gyp
│   │   │   ├── function_args.cc
│   │   │   ├── function_args.js
│   │   │   ├── index.js
│   │   │   ├── property_descriptor.cc
│   │   │   ├── property_descriptor.js
│   │   │   └── README.md
│   │   ├── CHANGELOG.md
│   │   ├── CODE_OF_CONDUCT.md
│   │   ├── common.gypi
│   │   ├── CONTRIBUTING.md
│   │   ├── doc
│   │   │   ├── array_buffer.md
│   │   │   ├── async_context.md
│   │   │   ├── async_operations.md
│   │   │   ├── async_worker.md
│   │   │   ├── async_worker_variants.md
│   │   │   ├── basic_types.md
│   │   │   ├── bigint.md
│   │   │   ├── boolean.md
│   │   │   ├── buffer.md
│   │   │   ├── callbackinfo.md
│   │   │   ├── callback_scope.md
│   │   │   ├── checker-tool.md
│   │   │   ├── class_property_descriptor.md
│   │   │   ├── cmake-js.md
│   │   │   ├── conversion-tool.md
│   │   │   ├── creating_a_release.md
│   │   │   ├── dataview.md
│   │   │   ├── date.md
│   │   │   ├── Doxyfile
│   │   │   ├── env.md
│   │   │   ├── error_handling.md
│   │   │   ├── error.md
│   │   │   ├── escapable_handle_scope.md
│   │   │   ├── external.md
│   │   │   ├── function.md
│   │   │   ├── function_reference.md
│   │   │   ├── generator.md
│   │   │   ├── handle_scope.md
│   │   │   ├── memory_management.md
│   │   │   ├── node-gyp.md
│   │   │   ├── number.md
│   │   │   ├── object_lifetime_management.md
│   │   │   ├── object.md
│   │   │   ├── object_reference.md
│   │   │   ├── object_wrap.md
│   │   │   ├── prebuild_tools.md
│   │   │   ├── promises.md
│   │   │   ├── property_descriptor.md
│   │   │   ├── range_error.md
│   │   │   ├── reference.md
│   │   │   ├── setup.md
│   │   │   ├── string.md
│   │   │   ├── symbol.md
│   │   │   ├── threadsafe_function.md
│   │   │   ├── typed_array.md
│   │   │   ├── typed_array_of.md
│   │   │   ├── type_error.md
│   │   │   ├── value.md
│   │   │   ├── version_management.md
│   │   │   └── working_with_javascript_values.md
│   │   ├── except.gypi
│   │   ├── index.js
│   │   ├── LICENSE.md
│   │   ├── napi.h
│   │   ├── napi-inl.deprecated.h
│   │   ├── napi-inl.h
│   │   ├── node_api.gyp
│   │   ├── noexcept.gypi
│   │   ├── nothing.c
│   │   ├── package.json
│   │   ├── README.md
│   │   └── tools
│   │       ├── check-napi.js
│   │       ├── conversion.js
│   │       └── README.md
│   ├── node-pre-gyp
│   │   ├── appveyor.yml
│   │   ├── bin
│   │   │   ├── node-pre-gyp
│   │   │   └── node-pre-gyp.cmd
│   │   ├── CHANGELOG.md
│   │   ├── contributing.md
│   │   ├── lib
│   │   │   ├── build.js
│   │   │   ├── clean.js
│   │   │   ├── configure.js
│   │   │   ├── info.js
│   │   │   ├── install.js
│   │   │   ├── node-pre-gyp.js
│   │   │   ├── package.js
│   │   │   ├── pre-binding.js
│   │   │   ├── publish.js
│   │   │   ├── rebuild.js
│   │   │   ├── reinstall.js
│   │   │   ├── reveal.js
│   │   │   ├── testbinary.js
│   │   │   ├── testpackage.js
│   │   │   ├── unpublish.js
│   │   │   └── util
│   │   │       ├── abi_crosswalk.json
│   │   │       ├── compile.js
│   │   │       ├── handle_gyp_opts.js
│   │   │       ├── napi.js
│   │   │       ├── nw-pre-gyp
│   │   │       │   ├── index.html
│   │   │       │   └── package.json
│   │   │       ├── s3_setup.js
│   │   │       └── versioning.js
│   │   ├── LICENSE
│   │   ├── package.json
│   │   └── README.md
│   ├── nopt
│   │   ├── bin
│   │   │   └── nopt.js
│   │   ├── CHANGELOG.md
│   │   ├── lib
│   │   │   └── nopt.js
│   │   ├── LICENSE
│   │   ├── package.json
│   │   └── README.md
│   ├── npm-bundled
│   │   ├── index.js
│   │   ├── LICENSE
│   │   ├── package.json
│   │   └── README.md
│   ├── npmlog
│   │   ├── CHANGELOG.md
│   │   ├── LICENSE
│   │   ├── log.js
│   │   ├── package.json
│   │   └── README.md
│   ├── npm-normalize-package-bin
│   │   ├── index.js
│   │   ├── LICENSE
│   │   ├── package.json
│   │   ├── package-lock.json
│   │   ├── README.md
│   │   └── test
│   │       ├── array.js
│   │       ├── nobin.js
│   │       ├── object.js
│   │       └── string.js
│   ├── npm-packlist
│   │   ├── index.js
│   │   ├── LICENSE
│   │   ├── package.json
│   │   └── README.md
│   ├── number-is-nan
│   │   ├── index.js
│   │   ├── license
│   │   ├── package.json
│   │   └── readme.md
│   ├── object-assign
│   │   ├── index.js
│   │   ├── license
│   │   ├── package.json
│   │   └── readme.md
│   ├── once
│   │   ├── LICENSE
│   │   ├── once.js
│   │   ├── package.json
│   │   └── README.md
│   ├── on-finished
│   │   ├── HISTORY.md
│   │   ├── index.js
│   │   ├── LICENSE
│   │   ├── package.json
│   │   └── README.md
│   ├── osenv
│   │   ├── LICENSE
│   │   ├── osenv.js
│   │   ├── package.json
│   │   └── README.md
│   ├── os-homedir
│   │   ├── index.js
│   │   ├── license
│   │   ├── package.json
│   │   └── readme.md
│   ├── os-tmpdir
│   │   ├── index.js
│   │   ├── license
│   │   ├── package.json
│   │   └── readme.md
│   ├── parseurl
│   │   ├── HISTORY.md
│   │   ├── index.js
│   │   ├── LICENSE
│   │   ├── package.json
│   │   └── README.md
│   ├── path-is-absolute
│   │   ├── index.js
│   │   ├── license
│   │   ├── package.json
│   │   └── readme.md
│   ├── path-to-regexp
│   │   ├── History.md
│   │   ├── index.js
│   │   ├── LICENSE
│   │   ├── package.json
│   │   └── Readme.md
│   ├── process-nextick-args
│   │   ├── index.js
│   │   ├── license.md
│   │   ├── package.json
│   │   └── readme.md
│   ├── proxy-addr
│   │   ├── HISTORY.md
│   │   ├── index.js
│   │   ├── LICENSE
│   │   ├── package.json
│   │   └── README.md
│   ├── qs
│   │   ├── CHANGELOG.md
│   │   ├── dist
│   │   │   └── qs.js
│   │   ├── lib
│   │   │   ├── formats.js
│   │   │   ├── index.js
│   │   │   ├── parse.js
│   │   │   ├── stringify.js
│   │   │   └── utils.js
│   │   ├── LICENSE
│   │   ├── package.json
│   │   ├── README.md
│   │   └── test
│   │       ├── index.js
│   │       ├── parse.js
│   │       ├── stringify.js
│   │       └── utils.js
│   ├── range-parser
│   │   ├── HISTORY.md
│   │   ├── index.js
│   │   ├── LICENSE
│   │   ├── package.json
│   │   └── README.md
│   ├── raw-body
│   │   ├── HISTORY.md
│   │   ├── index.d.ts
│   │   ├── index.js
│   │   ├── LICENSE
│   │   ├── package.json
│   │   └── README.md
│   ├── rc
│   │   ├── browser.js
│   │   ├── cli.js
│   │   ├── index.js
│   │   ├── lib
│   │   │   └── utils.js
│   │   ├── LICENSE.APACHE2
│   │   ├── LICENSE.BSD
│   │   ├── LICENSE.MIT
│   │   ├── package.json
│   │   ├── README.md
│   │   └── test
│   │       ├── ini.js
│   │       ├── nested-env-vars.js
│   │       └── test.js
│   ├── readable-stream
│   │   ├── CONTRIBUTING.md
│   │   ├── doc
│   │   │   └── wg-meetings
│   │   │       └── 2015-01-30.md
│   │   ├── duplex-browser.js
│   │   ├── duplex.js
│   │   ├── GOVERNANCE.md
│   │   ├── lib
│   │   │   ├── internal
│   │   │   │   └── streams
│   │   │   │       ├── BufferList.js
│   │   │   │       ├── destroy.js
│   │   │   │       ├── stream-browser.js
│   │   │   │       └── stream.js
│   │   │   ├── _stream_duplex.js
│   │   │   ├── _stream_passthrough.js
│   │   │   ├── _stream_readable.js
│   │   │   ├── _stream_transform.js
│   │   │   └── _stream_writable.js
│   │   ├── LICENSE
│   │   ├── package.json
│   │   ├── passthrough.js
│   │   ├── readable-browser.js
│   │   ├── readable.js
│   │   ├── README.md
│   │   ├── transform.js
│   │   ├── writable-browser.js
│   │   └── writable.js
│   ├── rimraf
│   │   ├── bin.js
│   │   ├── LICENSE
│   │   ├── package.json
│   │   ├── README.md
│   │   └── rimraf.js
│   ├── safe-buffer
│   │   ├── index.d.ts
│   │   ├── index.js
│   │   ├── LICENSE
│   │   ├── package.json
│   │   └── README.md
│   ├── safer-buffer
│   │   ├── dangerous.js
│   │   ├── LICENSE
│   │   ├── package.json
│   │   ├── Porting-Buffer.md
│   │   ├── Readme.md
│   │   ├── safer.js
│   │   └── tests.js
│   ├── sax
│   │   ├── lib
│   │   │   └── sax.js
│   │   ├── LICENSE
│   │   ├── package.json
│   │   └── README.md
│   ├── semver
│   │   ├── bin
│   │   │   └── semver
│   │   ├── CHANGELOG.md
│   │   ├── LICENSE
│   │   ├── package.json
│   │   ├── range.bnf
│   │   ├── README.md
│   │   └── semver.js
│   ├── send
│   │   ├── HISTORY.md
│   │   ├── index.js
│   │   ├── LICENSE
│   │   ├── node_modules
│   │   │   └── ms
│   │   │       ├── index.js
│   │   │       ├── license.md
│   │   │       ├── package.json
│   │   │       └── readme.md
│   │   ├── package.json
│   │   └── README.md
│   ├── serve-static
│   │   ├── HISTORY.md
│   │   ├── index.js
│   │   ├── LICENSE
│   │   ├── package.json
│   │   └── README.md
│   ├── set-blocking
│   │   ├── CHANGELOG.md
│   │   ├── index.js
│   │   ├── LICENSE.txt
│   │   ├── package.json
│   │   └── README.md
│   ├── setprototypeof
│   │   ├── index.d.ts
│   │   ├── index.js
│   │   ├── LICENSE
│   │   ├── package.json
│   │   ├── README.md
│   │   └── test
│   │       └── index.js
│   ├── signal-exit
│   │   ├── CHANGELOG.md
│   │   ├── index.js
│   │   ├── LICENSE.txt
│   │   ├── package.json
│   │   ├── README.md
│   │   └── signals.js
│   ├── sqlstring
│   │   ├── HISTORY.md
│   │   ├── index.js
│   │   ├── lib
│   │   │   └── SqlString.js
│   │   ├── LICENSE
│   │   ├── package.json
│   │   └── README.md
│   ├── statuses
│   │   ├── codes.json
│   │   ├── HISTORY.md
│   │   ├── index.js
│   │   ├── LICENSE
│   │   ├── package.json
│   │   └── README.md
│   ├── string_decoder
│   │   ├── lib
│   │   │   └── string_decoder.js
│   │   ├── LICENSE
│   │   ├── package.json
│   │   └── README.md
│   ├── string-width
│   │   ├── index.js
│   │   ├── license
│   │   ├── package.json
│   │   └── readme.md
│   ├── strip-ansi
│   │   ├── index.js
│   │   ├── license
│   │   ├── package.json
│   │   └── readme.md
│   ├── strip-json-comments
│   │   ├── index.js
│   │   ├── license
│   │   ├── package.json
│   │   └── readme.md
│   ├── tar
│   │   ├── index.js
│   │   ├── lib
│   │   │   ├── buffer.js
│   │   │   ├── create.js
│   │   │   ├── extract.js
│   │   │   ├── header.js
│   │   │   ├── high-level-opt.js
│   │   │   ├── large-numbers.js
│   │   │   ├── list.js
│   │   │   ├── mkdir.js
│   │   │   ├── mode-fix.js
│   │   │   ├── pack.js
│   │   │   ├── parse.js
│   │   │   ├── pax.js
│   │   │   ├── read-entry.js
│   │   │   ├── replace.js
│   │   │   ├── types.js
│   │   │   ├── unpack.js
│   │   │   ├── update.js
│   │   │   ├── warn-mixin.js
│   │   │   ├── winchars.js
│   │   │   └── write-entry.js
│   │   ├── LICENSE
│   │   ├── package.json
│   │   └── README.md
│   ├── toidentifier
│   │   ├── index.js
│   │   ├── LICENSE
│   │   ├── package.json
│   │   └── README.md
│   ├── type-is
│   │   ├── HISTORY.md
│   │   ├── index.js
│   │   ├── LICENSE
│   │   ├── package.json
│   │   └── README.md
│   ├── unpipe
│   │   ├── HISTORY.md
│   │   ├── index.js
│   │   ├── LICENSE
│   │   ├── package.json
│   │   └── README.md
│   ├── util-deprecate
│   │   ├── browser.js
│   │   ├── History.md
│   │   ├── LICENSE
│   │   ├── node.js
│   │   ├── package.json
│   │   └── README.md
│   ├── utils-merge
│   │   ├── index.js
│   │   ├── LICENSE
│   │   ├── package.json
│   │   └── README.md
│   ├── vary
│   │   ├── HISTORY.md
│   │   ├── index.js
│   │   ├── LICENSE
│   │   ├── package.json
│   │   └── README.md
│   ├── wide-align
│   │   ├── align.js
│   │   ├── LICENSE
│   │   ├── package.json
│   │   └── README.md
│   ├── wrappy
│   │   ├── LICENSE
│   │   ├── package.json
│   │   ├── README.md
│   │   └── wrappy.js
│   └── yallist
│       ├── iterator.js
│       ├── LICENSE
│       ├── package.json
│       ├── README.md
│       └── yallist.js
├── package.json
├── package-lock.json
├── README.md
├── robots.txt
└── routes
    └── index.js
